==32488== Memcheck, a memory error detector
==32488== Copyright (C) 2002-2017, and GNU GPL'd, by Julian Seward et al.
==32488== Using Valgrind-3.15.0-608cb11914-20190413 and LibVEX; rerun with -h for copyright info
==32488== Command: ./FractalC --useTexture
==32488== Parent PID: 31537
==32488== 
--32488-- 
--32488-- Valgrind options:
--32488--    -v
--32488--    --tool=memcheck
--32488--    --leak-check=full
--32488--    --show-leak-kinds=all
--32488--    --num-callers=40
--32488--    --log-file=valgrind.log
--32488-- Contents of /proc/version:
--32488--   Linux version 5.4.0-53-generic (buildd@lcy01-amd64-007) (gcc version 9.3.0 (Ubuntu 9.3.0-17ubuntu1~20.04)) #59-Ubuntu SMP Wed Oct 21 09:38:44 UTC 2020
--32488-- 
--32488-- Arch and hwcaps: AMD64, LittleEndian, amd64-cx16-lzcnt-rdtscp-sse3-ssse3-avx-avx2-bmi-f16c-rdrand
--32488-- Page sizes: currently 4096, max supported 4096
--32488-- Valgrind library directory: /usr/lib/x86_64-linux-gnu/valgrind
--32488-- Reading syms from /home/ahhhh6980/Documents/Git/FractalC/FractalC
--32488-- Reading syms from /usr/lib/x86_64-linux-gnu/ld-2.31.so
--32488--   Considering /usr/lib/x86_64-linux-gnu/ld-2.31.so ..
--32488--   .. CRC mismatch (computed 6cded93a wanted 1af57820)
--32488--   Considering /lib/x86_64-linux-gnu/ld-2.31.so ..
--32488--   .. CRC mismatch (computed 6cded93a wanted 1af57820)
--32488--   Considering /usr/lib/debug/lib/x86_64-linux-gnu/ld-2.31.so ..
--32488--   .. CRC is valid
--32488-- Reading syms from /usr/lib/x86_64-linux-gnu/valgrind/memcheck-amd64-linux
--32488--    object doesn't have a symbol table
--32488--    object doesn't have a dynamic symbol table
--32488-- Scheduler: using generic scheduler lock implementation.
--32488-- Reading suppressions file: /usr/lib/x86_64-linux-gnu/valgrind/default.supp
==32488== embedded gdbserver: reading from /tmp/vgdb-pipe-from-vgdb-to-32488-by-ahhhh6980-on-???
==32488== embedded gdbserver: writing to   /tmp/vgdb-pipe-to-vgdb-from-32488-by-ahhhh6980-on-???
==32488== embedded gdbserver: shared mem   /tmp/vgdb-pipe-shared-mem-vgdb-32488-by-ahhhh6980-on-???
==32488== 
==32488== TO CONTROL THIS PROCESS USING vgdb (which you probably
==32488== don't want to do, unless you know exactly what you're doing,
==32488== or are doing some strange experiment):
==32488==   /usr/lib/x86_64-linux-gnu/valgrind/../../bin/vgdb --pid=32488 ...command...
==32488== 
==32488== TO DEBUG THIS PROCESS USING GDB: start GDB like this
==32488==   /path/to/gdb ./FractalC
==32488== and then give GDB the following command
==32488==   target remote | /usr/lib/x86_64-linux-gnu/valgrind/../../bin/vgdb --pid=32488
==32488== --pid is optional if only one valgrind process is running
==32488== 
--32488-- REDIR: 0x4022d80 (ld-linux-x86-64.so.2:strlen) redirected to 0x580c9ce2 (???)
--32488-- REDIR: 0x4022b50 (ld-linux-x86-64.so.2:index) redirected to 0x580c9cfc (???)
--32488-- Reading syms from /usr/lib/x86_64-linux-gnu/valgrind/vgpreload_core-amd64-linux.so
--32488--    object doesn't have a symbol table
--32488-- Reading syms from /usr/lib/x86_64-linux-gnu/valgrind/vgpreload_memcheck-amd64-linux.so
--32488--    object doesn't have a symbol table
==32488== WARNING: new redirection conflicts with existing -- ignoring it
--32488--     old: 0x04022d80 (strlen              ) R-> (0000.0) 0x580c9ce2 ???
--32488--     new: 0x04022d80 (strlen              ) R-> (2007.0) 0x0483f060 strlen
--32488-- REDIR: 0x401f560 (ld-linux-x86-64.so.2:strcmp) redirected to 0x483ffd0 (strcmp)
--32488-- REDIR: 0x40232e0 (ld-linux-x86-64.so.2:mempcpy) redirected to 0x4843a20 (mempcpy)
--32488-- Reading syms from /usr/lib/x86_64-linux-gnu/libstdc++.so.6.0.28
--32488--    object doesn't have a symbol table
--32488-- Reading syms from /usr/lib/x86_64-linux-gnu/libm-2.31.so
--32488--   Considering /usr/lib/x86_64-linux-gnu/libm-2.31.so ..
--32488--   .. CRC mismatch (computed b88da5c9 wanted 1658d783)
--32488--   Considering /lib/x86_64-linux-gnu/libm-2.31.so ..
--32488--   .. CRC mismatch (computed b88da5c9 wanted 1658d783)
--32488--   Considering /usr/lib/debug/lib/x86_64-linux-gnu/libm-2.31.so ..
--32488--   .. CRC is valid
--32488-- Reading syms from /usr/lib/x86_64-linux-gnu/libgcc_s.so.1
--32488--    object doesn't have a symbol table
--32488-- Reading syms from /usr/lib/x86_64-linux-gnu/libpthread-2.31.so
--32488--   Considering /usr/lib/debug/.build-id/4f/c5fc33f4429136a494c640b113d76f610e4abc.debug ..
--32488--   .. build-id is valid
--32488-- Reading syms from /usr/lib/x86_64-linux-gnu/libc-2.31.so
--32488--   Considering /usr/lib/x86_64-linux-gnu/libc-2.31.so ..
--32488--   .. CRC mismatch (computed cd1655d1 wanted 09373696)
--32488--   Considering /lib/x86_64-linux-gnu/libc-2.31.so ..
--32488--   .. CRC mismatch (computed cd1655d1 wanted 09373696)
--32488--   Considering /usr/lib/debug/lib/x86_64-linux-gnu/libc-2.31.so ..
--32488--   .. CRC is valid
--32488-- REDIR: 0x4c87600 (libc.so.6:memmove) redirected to 0x48311d0 (_vgnU_ifunc_wrapper)
--32488-- REDIR: 0x4c86900 (libc.so.6:strncpy) redirected to 0x48311d0 (_vgnU_ifunc_wrapper)
--32488-- REDIR: 0x4c87930 (libc.so.6:strcasecmp) redirected to 0x48311d0 (_vgnU_ifunc_wrapper)
--32488-- REDIR: 0x4c86220 (libc.so.6:strcat) redirected to 0x48311d0 (_vgnU_ifunc_wrapper)
--32488-- REDIR: 0x4c86960 (libc.so.6:rindex) redirected to 0x48311d0 (_vgnU_ifunc_wrapper)
--32488-- REDIR: 0x4c88dd0 (libc.so.6:rawmemchr) redirected to 0x48311d0 (_vgnU_ifunc_wrapper)
--32488-- REDIR: 0x4ca3e60 (libc.so.6:wmemchr) redirected to 0x48311d0 (_vgnU_ifunc_wrapper)
--32488-- REDIR: 0x4ca39a0 (libc.so.6:wcscmp) redirected to 0x48311d0 (_vgnU_ifunc_wrapper)
--32488-- REDIR: 0x4c87760 (libc.so.6:mempcpy) redirected to 0x48311d0 (_vgnU_ifunc_wrapper)
--32488-- REDIR: 0x4c87590 (libc.so.6:bcmp) redirected to 0x48311d0 (_vgnU_ifunc_wrapper)
--32488-- REDIR: 0x4c86890 (libc.so.6:strncmp) redirected to 0x48311d0 (_vgnU_ifunc_wrapper)
--32488-- REDIR: 0x4c862d0 (libc.so.6:strcmp) redirected to 0x48311d0 (_vgnU_ifunc_wrapper)
--32488-- REDIR: 0x4c876c0 (libc.so.6:memset) redirected to 0x48311d0 (_vgnU_ifunc_wrapper)
--32488-- REDIR: 0x4ca3960 (libc.so.6:wcschr) redirected to 0x48311d0 (_vgnU_ifunc_wrapper)
--32488-- REDIR: 0x4c867f0 (libc.so.6:strnlen) redirected to 0x48311d0 (_vgnU_ifunc_wrapper)
--32488-- REDIR: 0x4c863b0 (libc.so.6:strcspn) redirected to 0x48311d0 (_vgnU_ifunc_wrapper)
--32488-- REDIR: 0x4c87980 (libc.so.6:strncasecmp) redirected to 0x48311d0 (_vgnU_ifunc_wrapper)
--32488-- REDIR: 0x4c86350 (libc.so.6:strcpy) redirected to 0x48311d0 (_vgnU_ifunc_wrapper)
--32488-- REDIR: 0x4c87ad0 (libc.so.6:memcpy@@GLIBC_2.14) redirected to 0x48311d0 (_vgnU_ifunc_wrapper)
--32488-- REDIR: 0x4ca50d0 (libc.so.6:wcsnlen) redirected to 0x48311d0 (_vgnU_ifunc_wrapper)
--32488-- REDIR: 0x4ca39e0 (libc.so.6:wcscpy) redirected to 0x48311d0 (_vgnU_ifunc_wrapper)
--32488-- REDIR: 0x4c869a0 (libc.so.6:strpbrk) redirected to 0x48311d0 (_vgnU_ifunc_wrapper)
--32488-- REDIR: 0x4c86280 (libc.so.6:index) redirected to 0x48311d0 (_vgnU_ifunc_wrapper)
--32488-- REDIR: 0x4c867b0 (libc.so.6:strlen) redirected to 0x48311d0 (_vgnU_ifunc_wrapper)
--32488-- REDIR: 0x4c8fd20 (libc.so.6:memrchr) redirected to 0x48311d0 (_vgnU_ifunc_wrapper)
--32488-- REDIR: 0x4c879d0 (libc.so.6:strcasecmp_l) redirected to 0x48311d0 (_vgnU_ifunc_wrapper)
--32488-- REDIR: 0x4c87550 (libc.so.6:memchr) redirected to 0x48311d0 (_vgnU_ifunc_wrapper)
--32488-- REDIR: 0x4ca3ab0 (libc.so.6:wcslen) redirected to 0x48311d0 (_vgnU_ifunc_wrapper)
--32488-- REDIR: 0x4c86c60 (libc.so.6:strspn) redirected to 0x48311d0 (_vgnU_ifunc_wrapper)
--32488-- REDIR: 0x4c878d0 (libc.so.6:stpncpy) redirected to 0x48311d0 (_vgnU_ifunc_wrapper)
--32488-- REDIR: 0x4c87870 (libc.so.6:stpcpy) redirected to 0x48311d0 (_vgnU_ifunc_wrapper)
--32488-- REDIR: 0x4c88e10 (libc.so.6:strchrnul) redirected to 0x48311d0 (_vgnU_ifunc_wrapper)
--32488-- REDIR: 0x4c87a20 (libc.so.6:strncasecmp_l) redirected to 0x48311d0 (_vgnU_ifunc_wrapper)
--32488-- REDIR: 0x4d148e0 (libc.so.6:__memcpy_chk) redirected to 0x48311d0 (_vgnU_ifunc_wrapper)
--32488-- REDIR: 0x4d6f490 (libc.so.6:__strrchr_avx2) redirected to 0x483ea10 (rindex)
--32488-- REDIR: 0x4c81260 (libc.so.6:malloc) redirected to 0x483b780 (malloc)
--32488-- REDIR: 0x4d6f660 (libc.so.6:__strlen_avx2) redirected to 0x483ef40 (strlen)
--32488-- REDIR: 0x4d6bc50 (libc.so.6:__memcmp_avx2_movbe) redirected to 0x48421e0 (bcmp)
--32488-- REDIR: 0x4d6ab60 (libc.so.6:__strcmp_avx2) redirected to 0x483fed0 (strcmp)
--32488-- REDIR: 0x4d72670 (libc.so.6:__memcpy_avx_unaligned_erms) redirected to 0x48429f0 (memmove)
--32488-- REDIR: 0x4c87120 (libc.so.6:__GI_strstr) redirected to 0x4843ca0 (__strstr_sse2)
--32488-- REDIR: 0x4c81850 (libc.so.6:free) redirected to 0x483c9d0 (free)
--32488-- REDIR: 0x4d72650 (libc.so.6:__mempcpy_avx_unaligned_erms) redirected to 0x4843660 (mempcpy)
--32488-- REDIR: 0x4d6f2a0 (libc.so.6:__strchrnul_avx2) redirected to 0x4843540 (strchrnul)
--32488-- REDIR: 0x4920c10 (libstdc++.so.6:operator new(unsigned long)) redirected to 0x483bdf0 (operator new(unsigned long))
--32488-- REDIR: 0x4c82c90 (libc.so.6:calloc) redirected to 0x483dce0 (calloc)
--32488-- REDIR: 0x491ee60 (libstdc++.so.6:operator delete(void*)) redirected to 0x483cf50 (operator delete(void*))
--32488-- REDIR: 0x491ee70 (libstdc++.so.6:operator delete(void*, unsigned long)) redirected to 0x483d160 (operator delete(void*, unsigned long))
--32488-- REDIR: 0x4c82000 (libc.so.6:realloc) redirected to 0x483df30 (realloc)
--32488-- REDIR: 0x4920c70 (libstdc++.so.6:operator new[](unsigned long)) redirected to 0x483c510 (operator new[](unsigned long))
--32488-- REDIR: 0x4d6f800 (libc.so.6:__strnlen_avx2) redirected to 0x483eee0 (strnlen)
--32488-- REDIR: 0x491ee90 (libstdc++.so.6:operator delete[](void*)) redirected to 0x483d6e0 (operator delete[](void*))
==32488== 
==32488== HEAP SUMMARY:
==32488==     in use at exit: 196,609 bytes in 1 blocks
==32488==   total heap usage: 26,333 allocs, 26,332 frees, 3,680,138 bytes allocated
==32488== 
==32488== Searching for pointers to 1 not-freed blocks
==32488== Checked 332,904 bytes
==32488== 
==32488== 196,609 bytes in 1 blocks are still reachable in loss record 1 of 1
==32488==    at 0x483B7F3: malloc (in /usr/lib/x86_64-linux-gnu/valgrind/vgpreload_memcheck-amd64-linux.so)
==32488==    by 0x11D7AB: stbi__load_main(stbi__context*, int*, int*, int*, int, stbi__result_info*, int) (in /home/ahhhh6980/Documents/Git/FractalC/FractalC)
==32488==    by 0x120685: stbi__load_and_postprocess_8bit(stbi__context*, int*, int*, int*, int) (in /home/ahhhh6980/Documents/Git/FractalC/FractalC)
==32488==    by 0x120872: stbi_load_from_file (in /home/ahhhh6980/Documents/Git/FractalC/FractalC)
==32488==    by 0x12090F: stbi_load (in /home/ahhhh6980/Documents/Git/FractalC/FractalC)
==32488==    by 0x10C040: main (in /home/ahhhh6980/Documents/Git/FractalC/FractalC)
==32488== 
==32488== LEAK SUMMARY:
==32488==    definitely lost: 0 bytes in 0 blocks
==32488==    indirectly lost: 0 bytes in 0 blocks
==32488==      possibly lost: 0 bytes in 0 blocks
==32488==    still reachable: 196,609 bytes in 1 blocks
==32488==         suppressed: 0 bytes in 0 blocks
==32488== 
==32488== ERROR SUMMARY: 0 errors from 0 contexts (suppressed: 0 from 0)
